Determining if the pthread_create exist failed with the following output:
Change Dir: /home/gong/workspace/git/UkexServer/Protocol/CMakeFiles/CMakeTmp

Run Build Command:"/usr/bin/make" "cmTC_fd76e/fast"
/usr/bin/make -f CMakeFiles/cmTC_fd76e.dir/build.make CMakeFiles/cmTC_fd76e.dir/build
make[1]: Entering directory '/home/gong/workspace/git/UkexServer/Protocol/CMakeFiles/CMakeTmp'
Building C object CMakeFiles/cmTC_fd76e.dir/CheckSymbolExists.c.o
/usr/bin/cc    -o CMakeFiles/cmTC_fd76e.dir/CheckSymbolExists.c.o   -c /home/gong/workspace/git/UkexServer/Protocol/CMakeFiles/CMakeTmp/CheckSymbolExists.c
Linking C executable cmTC_fd76e
/usr/bin/cmake -E cmake_link_script CMakeFiles/cmTC_fd76e.dir/link.txt --verbose=1
/usr/bin/cc      CMakeFiles/cmTC_fd76e.dir/CheckSymbolExists.c.o  -o cmTC_fd76e 
CMakeFiles/cmTC_fd76e.dir/CheckSymbolExists.c.o: In function `main':
CheckSymbolExists.c:(.text+0x1b): undefined reference to `pthread_create'
collect2: error: ld returned 1 exit status
CMakeFiles/cmTC_fd76e.dir/build.make:97: recipe for target 'cmTC_fd76e' failed
make[1]: *** [cmTC_fd76e] Error 1
make[1]: Leaving directory '/home/gong/workspace/git/UkexServer/Protocol/CMakeFiles/CMakeTmp'
Makefile:126: recipe for target 'cmTC_fd76e/fast' failed
make: *** [cmTC_fd76e/fast] Error 2

File /home/gong/workspace/git/UkexServer/Protocol/CMakeFiles/CMakeTmp/CheckSymbolExists.c:
/* */
#include <pthread.h>

int main(int argc, char** argv)
{
  (void)argv;
#ifndef pthread_create
  return ((int*)(&pthread_create))[argc];
#else
  (void)argc;
  return 0;
#endif
}

Determining if the function pthread_create exists in the pthreads failed with the following output:
Change Dir: /home/gong/workspace/git/UkexServer/Protocol/CMakeFiles/CMakeTmp

Run Build Command:"/usr/bin/make" "cmTC_bad4d/fast"
/usr/bin/make -f CMakeFiles/cmTC_bad4d.dir/build.make CMakeFiles/cmTC_bad4d.dir/build
make[1]: Entering directory '/home/gong/workspace/git/UkexServer/Protocol/CMakeFiles/CMakeTmp'
Building C object CMakeFiles/cmTC_bad4d.dir/CheckFunctionExists.c.o
/usr/bin/cc   -DCHECK_FUNCTION_EXISTS=pthread_create   -o CMakeFiles/cmTC_bad4d.dir/CheckFunctionExists.c.o   -c /usr/share/cmake-3.10/Modules/CheckFunctionExists.c
Linking C executable cmTC_bad4d
/usr/bin/cmake -E cmake_link_script CMakeFiles/cmTC_bad4d.dir/link.txt --verbose=1
/usr/bin/cc  -DCHECK_FUNCTION_EXISTS=pthread_create    CMakeFiles/cmTC_bad4d.dir/CheckFunctionExists.c.o  -o cmTC_bad4d -lpthreads 
/usr/bin/ld: cannot find -lpthreads
collect2: error: ld returned 1 exit status
CMakeFiles/cmTC_bad4d.dir/build.make:97: recipe for target 'cmTC_bad4d' failed
make[1]: *** [cmTC_bad4d] Error 1
make[1]: Leaving directory '/home/gong/workspace/git/UkexServer/Protocol/CMakeFiles/CMakeTmp'
Makefile:126: recipe for target 'cmTC_bad4d/fast' failed
make: *** [cmTC_bad4d/fast] Error 2


